1541342490191:help
1541342495444:authors
1541342498281:books
1541344331648:help
1541344333714:books
1541357518893:migrate
1541357643234:books migrate
1541357660889:stacktrace
1541358253043:books migrate
1541359106768:migrare
1541359113242:migrate
1541362682315:books
1541449518505:help
1541449523486:migrate
1541454008195:books
1541454062081:migrate
1541454073211:books
1541454240244:migrate
1541456494019:mogo
1541456498554:migrate
1541535572744:mongobooks
1541535892934:ищщлы
1541535895663:books
1541535954327:migrate
1541536016515:mongobooks
1541539285474:migrate
1541539290009:mongobooks
1541547725203:migrate
1541627780621:mongobooks
1541627786134:migrate
1541627999367:mongobooks
